<?xml version="1.0" encoding="UTF-8"?>
<!-- Generated by org.testng.reporters.JUnitReportReporter -->
<testsuite hostname="DESKTOP-9TCKK05" failures="0" tests="1" name="com.automation.tests.SampleTest" time="0.023" errors="0" timestamp="2023-12-22T22:13:05 IST" skipped="0">
  <testcase classname="com.automation.tests.SampleTest" name="f" time="0.023"/>
</testsuite> <!-- com.automation.tests.SampleTest -->
